{"level":"info","message":"🚀 Server running on port 3011"}
{"level":"error","message":"Not allowed by CORS","stack":"Error: Not allowed by CORS\n    at origin (file:///C:/Users/Dell/Desktop/Bikerentaldeploy/backend/index.js:82:16)\n    at C:\\Users\\Dell\\Desktop\\Bikerentaldeploy\\backend\\node_modules\\cors\\lib\\index.js:219:13\n    at optionsCallback (C:\\Users\\Dell\\Desktop\\Bikerentaldeploy\\backend\\node_modules\\cors\\lib\\index.js:199:9)\n    at corsMiddleware (C:\\Users\\Dell\\Desktop\\Bikerentaldeploy\\backend\\node_modules\\cors\\lib\\index.js:204:7)\n    at Layer.handle [as handle_request] (C:\\Users\\Dell\\Desktop\\Bikerentaldeploy\\backend\\node_modules\\express\\lib\\router\\layer.js:95:5)\n    at trim_prefix (C:\\Users\\Dell\\Desktop\\Bikerentaldeploy\\backend\\node_modules\\express\\lib\\router\\index.js:328:13)\n    at C:\\Users\\Dell\\Desktop\\Bikerentaldeploy\\backend\\node_modules\\express\\lib\\router\\index.js:286:9\n    at Function.process_params (C:\\Users\\Dell\\Desktop\\Bikerentaldeploy\\backend\\node_modules\\express\\lib\\router\\index.js:346:12)\n    at next (C:\\Users\\Dell\\Desktop\\Bikerentaldeploy\\backend\\node_modules\\express\\lib\\router\\index.js:280:10)\n    at file:///C:/Users/Dell/Desktop/Bikerentaldeploy/backend/node_modules/express-rate-limit/dist/index.mjs:918:7"}
{"level":"error","message":"Not allowed by CORS","stack":"Error: Not allowed by CORS\n    at origin (file:///C:/Users/Dell/Desktop/Bikerentaldeploy/backend/index.js:82:16)\n    at C:\\Users\\Dell\\Desktop\\Bikerentaldeploy\\backend\\node_modules\\cors\\lib\\index.js:219:13\n    at optionsCallback (C:\\Users\\Dell\\Desktop\\Bikerentaldeploy\\backend\\node_modules\\cors\\lib\\index.js:199:9)\n    at corsMiddleware (C:\\Users\\Dell\\Desktop\\Bikerentaldeploy\\backend\\node_modules\\cors\\lib\\index.js:204:7)\n    at Layer.handle [as handle_request] (C:\\Users\\Dell\\Desktop\\Bikerentaldeploy\\backend\\node_modules\\express\\lib\\router\\layer.js:95:5)\n    at trim_prefix (C:\\Users\\Dell\\Desktop\\Bikerentaldeploy\\backend\\node_modules\\express\\lib\\router\\index.js:328:13)\n    at C:\\Users\\Dell\\Desktop\\Bikerentaldeploy\\backend\\node_modules\\express\\lib\\router\\index.js:286:9\n    at Function.process_params (C:\\Users\\Dell\\Desktop\\Bikerentaldeploy\\backend\\node_modules\\express\\lib\\router\\index.js:346:12)\n    at next (C:\\Users\\Dell\\Desktop\\Bikerentaldeploy\\backend\\node_modules\\express\\lib\\router\\index.js:280:10)\n    at file:///C:/Users/Dell/Desktop/Bikerentaldeploy/backend/node_modules/express-rate-limit/dist/index.mjs:918:7"}
{"level":"error","message":"Not allowed by CORS","stack":"Error: Not allowed by CORS\n    at origin (file:///C:/Users/Dell/Desktop/Bikerentaldeploy/backend/index.js:82:16)\n    at C:\\Users\\Dell\\Desktop\\Bikerentaldeploy\\backend\\node_modules\\cors\\lib\\index.js:219:13\n    at optionsCallback (C:\\Users\\Dell\\Desktop\\Bikerentaldeploy\\backend\\node_modules\\cors\\lib\\index.js:199:9)\n    at corsMiddleware (C:\\Users\\Dell\\Desktop\\Bikerentaldeploy\\backend\\node_modules\\cors\\lib\\index.js:204:7)\n    at Layer.handle [as handle_request] (C:\\Users\\Dell\\Desktop\\Bikerentaldeploy\\backend\\node_modules\\express\\lib\\router\\layer.js:95:5)\n    at trim_prefix (C:\\Users\\Dell\\Desktop\\Bikerentaldeploy\\backend\\node_modules\\express\\lib\\router\\index.js:328:13)\n    at C:\\Users\\Dell\\Desktop\\Bikerentaldeploy\\backend\\node_modules\\express\\lib\\router\\index.js:286:9\n    at Function.process_params (C:\\Users\\Dell\\Desktop\\Bikerentaldeploy\\backend\\node_modules\\express\\lib\\router\\index.js:346:12)\n    at next (C:\\Users\\Dell\\Desktop\\Bikerentaldeploy\\backend\\node_modules\\express\\lib\\router\\index.js:280:10)\n    at file:///C:/Users/Dell/Desktop/Bikerentaldeploy/backend/node_modules/express-rate-limit/dist/index.mjs:918:7"}
{"level":"error","message":"Not allowed by CORS","stack":"Error: Not allowed by CORS\n    at origin (file:///C:/Users/Dell/Desktop/Bikerentaldeploy/backend/index.js:82:16)\n    at C:\\Users\\Dell\\Desktop\\Bikerentaldeploy\\backend\\node_modules\\cors\\lib\\index.js:219:13\n    at optionsCallback (C:\\Users\\Dell\\Desktop\\Bikerentaldeploy\\backend\\node_modules\\cors\\lib\\index.js:199:9)\n    at corsMiddleware (C:\\Users\\Dell\\Desktop\\Bikerentaldeploy\\backend\\node_modules\\cors\\lib\\index.js:204:7)\n    at Layer.handle [as handle_request] (C:\\Users\\Dell\\Desktop\\Bikerentaldeploy\\backend\\node_modules\\express\\lib\\router\\layer.js:95:5)\n    at trim_prefix (C:\\Users\\Dell\\Desktop\\Bikerentaldeploy\\backend\\node_modules\\express\\lib\\router\\index.js:328:13)\n    at C:\\Users\\Dell\\Desktop\\Bikerentaldeploy\\backend\\node_modules\\express\\lib\\router\\index.js:286:9\n    at Function.process_params (C:\\Users\\Dell\\Desktop\\Bikerentaldeploy\\backend\\node_modules\\express\\lib\\router\\index.js:346:12)\n    at next (C:\\Users\\Dell\\Desktop\\Bikerentaldeploy\\backend\\node_modules\\express\\lib\\router\\index.js:280:10)\n    at file:///C:/Users/Dell/Desktop/Bikerentaldeploy/backend/node_modules/express-rate-limit/dist/index.mjs:918:7"}
{"level":"error","message":"Not allowed by CORS","stack":"Error: Not allowed by CORS\n    at origin (file:///C:/Users/Dell/Desktop/Bikerentaldeploy/backend/index.js:82:16)\n    at C:\\Users\\Dell\\Desktop\\Bikerentaldeploy\\backend\\node_modules\\cors\\lib\\index.js:219:13\n    at optionsCallback (C:\\Users\\Dell\\Desktop\\Bikerentaldeploy\\backend\\node_modules\\cors\\lib\\index.js:199:9)\n    at corsMiddleware (C:\\Users\\Dell\\Desktop\\Bikerentaldeploy\\backend\\node_modules\\cors\\lib\\index.js:204:7)\n    at Layer.handle [as handle_request] (C:\\Users\\Dell\\Desktop\\Bikerentaldeploy\\backend\\node_modules\\express\\lib\\router\\layer.js:95:5)\n    at trim_prefix (C:\\Users\\Dell\\Desktop\\Bikerentaldeploy\\backend\\node_modules\\express\\lib\\router\\index.js:328:13)\n    at C:\\Users\\Dell\\Desktop\\Bikerentaldeploy\\backend\\node_modules\\express\\lib\\router\\index.js:286:9\n    at Function.process_params (C:\\Users\\Dell\\Desktop\\Bikerentaldeploy\\backend\\node_modules\\express\\lib\\router\\index.js:346:12)\n    at next (C:\\Users\\Dell\\Desktop\\Bikerentaldeploy\\backend\\node_modules\\express\\lib\\router\\index.js:280:10)\n    at file:///C:/Users/Dell/Desktop/Bikerentaldeploy/backend/node_modules/express-rate-limit/dist/index.mjs:918:7"}
{"level":"error","message":"Not allowed by CORS","stack":"Error: Not allowed by CORS\n    at origin (file:///C:/Users/Dell/Desktop/Bikerentaldeploy/backend/index.js:82:16)\n    at C:\\Users\\Dell\\Desktop\\Bikerentaldeploy\\backend\\node_modules\\cors\\lib\\index.js:219:13\n    at optionsCallback (C:\\Users\\Dell\\Desktop\\Bikerentaldeploy\\backend\\node_modules\\cors\\lib\\index.js:199:9)\n    at corsMiddleware (C:\\Users\\Dell\\Desktop\\Bikerentaldeploy\\backend\\node_modules\\cors\\lib\\index.js:204:7)\n    at Layer.handle [as handle_request] (C:\\Users\\Dell\\Desktop\\Bikerentaldeploy\\backend\\node_modules\\express\\lib\\router\\layer.js:95:5)\n    at trim_prefix (C:\\Users\\Dell\\Desktop\\Bikerentaldeploy\\backend\\node_modules\\express\\lib\\router\\index.js:328:13)\n    at C:\\Users\\Dell\\Desktop\\Bikerentaldeploy\\backend\\node_modules\\express\\lib\\router\\index.js:286:9\n    at Function.process_params (C:\\Users\\Dell\\Desktop\\Bikerentaldeploy\\backend\\node_modules\\express\\lib\\router\\index.js:346:12)\n    at next (C:\\Users\\Dell\\Desktop\\Bikerentaldeploy\\backend\\node_modules\\express\\lib\\router\\index.js:280:10)\n    at file:///C:/Users/Dell/Desktop/Bikerentaldeploy/backend/node_modules/express-rate-limit/dist/index.mjs:918:7"}
{"level":"error","message":"Not allowed by CORS","stack":"Error: Not allowed by CORS\n    at origin (file:///C:/Users/Dell/Desktop/Bikerentaldeploy/backend/index.js:82:16)\n    at C:\\Users\\Dell\\Desktop\\Bikerentaldeploy\\backend\\node_modules\\cors\\lib\\index.js:219:13\n    at optionsCallback (C:\\Users\\Dell\\Desktop\\Bikerentaldeploy\\backend\\node_modules\\cors\\lib\\index.js:199:9)\n    at corsMiddleware (C:\\Users\\Dell\\Desktop\\Bikerentaldeploy\\backend\\node_modules\\cors\\lib\\index.js:204:7)\n    at Layer.handle [as handle_request] (C:\\Users\\Dell\\Desktop\\Bikerentaldeploy\\backend\\node_modules\\express\\lib\\router\\layer.js:95:5)\n    at trim_prefix (C:\\Users\\Dell\\Desktop\\Bikerentaldeploy\\backend\\node_modules\\express\\lib\\router\\index.js:328:13)\n    at C:\\Users\\Dell\\Desktop\\Bikerentaldeploy\\backend\\node_modules\\express\\lib\\router\\index.js:286:9\n    at Function.process_params (C:\\Users\\Dell\\Desktop\\Bikerentaldeploy\\backend\\node_modules\\express\\lib\\router\\index.js:346:12)\n    at next (C:\\Users\\Dell\\Desktop\\Bikerentaldeploy\\backend\\node_modules\\express\\lib\\router\\index.js:280:10)\n    at file:///C:/Users/Dell/Desktop/Bikerentaldeploy/backend/node_modules/express-rate-limit/dist/index.mjs:918:7"}
{"level":"error","message":"Not allowed by CORS","stack":"Error: Not allowed by CORS\n    at origin (file:///C:/Users/Dell/Desktop/Bikerentaldeploy/backend/index.js:82:16)\n    at C:\\Users\\Dell\\Desktop\\Bikerentaldeploy\\backend\\node_modules\\cors\\lib\\index.js:219:13\n    at optionsCallback (C:\\Users\\Dell\\Desktop\\Bikerentaldeploy\\backend\\node_modules\\cors\\lib\\index.js:199:9)\n    at corsMiddleware (C:\\Users\\Dell\\Desktop\\Bikerentaldeploy\\backend\\node_modules\\cors\\lib\\index.js:204:7)\n    at Layer.handle [as handle_request] (C:\\Users\\Dell\\Desktop\\Bikerentaldeploy\\backend\\node_modules\\express\\lib\\router\\layer.js:95:5)\n    at trim_prefix (C:\\Users\\Dell\\Desktop\\Bikerentaldeploy\\backend\\node_modules\\express\\lib\\router\\index.js:328:13)\n    at C:\\Users\\Dell\\Desktop\\Bikerentaldeploy\\backend\\node_modules\\express\\lib\\router\\index.js:286:9\n    at Function.process_params (C:\\Users\\Dell\\Desktop\\Bikerentaldeploy\\backend\\node_modules\\express\\lib\\router\\index.js:346:12)\n    at next (C:\\Users\\Dell\\Desktop\\Bikerentaldeploy\\backend\\node_modules\\express\\lib\\router\\index.js:280:10)\n    at file:///C:/Users/Dell/Desktop/Bikerentaldeploy/backend/node_modules/express-rate-limit/dist/index.mjs:918:7"}
{"level":"info","message":"🚀 Server running on port 3011"}
{"level":"error","message":"Not allowed by CORS","stack":"Error: Not allowed by CORS\n    at origin (file:///C:/Users/Dell/Desktop/Bikerentaldeploy/backend/index.js:82:16)\n    at C:\\Users\\Dell\\Desktop\\Bikerentaldeploy\\backend\\node_modules\\cors\\lib\\index.js:219:13\n    at optionsCallback (C:\\Users\\Dell\\Desktop\\Bikerentaldeploy\\backend\\node_modules\\cors\\lib\\index.js:199:9)\n    at corsMiddleware (C:\\Users\\Dell\\Desktop\\Bikerentaldeploy\\backend\\node_modules\\cors\\lib\\index.js:204:7)\n    at Layer.handle [as handle_request] (C:\\Users\\Dell\\Desktop\\Bikerentaldeploy\\backend\\node_modules\\express\\lib\\router\\layer.js:95:5)\n    at trim_prefix (C:\\Users\\Dell\\Desktop\\Bikerentaldeploy\\backend\\node_modules\\express\\lib\\router\\index.js:328:13)\n    at C:\\Users\\Dell\\Desktop\\Bikerentaldeploy\\backend\\node_modules\\express\\lib\\router\\index.js:286:9\n    at Function.process_params (C:\\Users\\Dell\\Desktop\\Bikerentaldeploy\\backend\\node_modules\\express\\lib\\router\\index.js:346:12)\n    at next (C:\\Users\\Dell\\Desktop\\Bikerentaldeploy\\backend\\node_modules\\express\\lib\\router\\index.js:280:10)\n    at file:///C:/Users/Dell/Desktop/Bikerentaldeploy/backend/node_modules/express-rate-limit/dist/index.mjs:918:7"}
{"level":"error","message":"Not allowed by CORS","stack":"Error: Not allowed by CORS\n    at origin (file:///C:/Users/Dell/Desktop/Bikerentaldeploy/backend/index.js:82:16)\n    at C:\\Users\\Dell\\Desktop\\Bikerentaldeploy\\backend\\node_modules\\cors\\lib\\index.js:219:13\n    at optionsCallback (C:\\Users\\Dell\\Desktop\\Bikerentaldeploy\\backend\\node_modules\\cors\\lib\\index.js:199:9)\n    at corsMiddleware (C:\\Users\\Dell\\Desktop\\Bikerentaldeploy\\backend\\node_modules\\cors\\lib\\index.js:204:7)\n    at Layer.handle [as handle_request] (C:\\Users\\Dell\\Desktop\\Bikerentaldeploy\\backend\\node_modules\\express\\lib\\router\\layer.js:95:5)\n    at trim_prefix (C:\\Users\\Dell\\Desktop\\Bikerentaldeploy\\backend\\node_modules\\express\\lib\\router\\index.js:328:13)\n    at C:\\Users\\Dell\\Desktop\\Bikerentaldeploy\\backend\\node_modules\\express\\lib\\router\\index.js:286:9\n    at Function.process_params (C:\\Users\\Dell\\Desktop\\Bikerentaldeploy\\backend\\node_modules\\express\\lib\\router\\index.js:346:12)\n    at next (C:\\Users\\Dell\\Desktop\\Bikerentaldeploy\\backend\\node_modules\\express\\lib\\router\\index.js:280:10)\n    at file:///C:/Users/Dell/Desktop/Bikerentaldeploy/backend/node_modules/express-rate-limit/dist/index.mjs:918:7"}
{"level":"error","message":"Not allowed by CORS","stack":"Error: Not allowed by CORS\n    at origin (file:///C:/Users/Dell/Desktop/Bikerentaldeploy/backend/index.js:82:16)\n    at C:\\Users\\Dell\\Desktop\\Bikerentaldeploy\\backend\\node_modules\\cors\\lib\\index.js:219:13\n    at optionsCallback (C:\\Users\\Dell\\Desktop\\Bikerentaldeploy\\backend\\node_modules\\cors\\lib\\index.js:199:9)\n    at corsMiddleware (C:\\Users\\Dell\\Desktop\\Bikerentaldeploy\\backend\\node_modules\\cors\\lib\\index.js:204:7)\n    at Layer.handle [as handle_request] (C:\\Users\\Dell\\Desktop\\Bikerentaldeploy\\backend\\node_modules\\express\\lib\\router\\layer.js:95:5)\n    at trim_prefix (C:\\Users\\Dell\\Desktop\\Bikerentaldeploy\\backend\\node_modules\\express\\lib\\router\\index.js:328:13)\n    at C:\\Users\\Dell\\Desktop\\Bikerentaldeploy\\backend\\node_modules\\express\\lib\\router\\index.js:286:9\n    at Function.process_params (C:\\Users\\Dell\\Desktop\\Bikerentaldeploy\\backend\\node_modules\\express\\lib\\router\\index.js:346:12)\n    at next (C:\\Users\\Dell\\Desktop\\Bikerentaldeploy\\backend\\node_modules\\express\\lib\\router\\index.js:280:10)\n    at file:///C:/Users/Dell/Desktop/Bikerentaldeploy/backend/node_modules/express-rate-limit/dist/index.mjs:918:7"}
{"level":"info","message":"🚀 Server running on port 3011"}
{"level":"info","message":"🚀 Server running on port 3011 in development mode","timestamp":"2026-03-30T08:50:38.431Z"}
{"level":"info","message":"🚀 Server running on port 3011 in development mode","timestamp":"2026-03-30T09:23:09.512Z"}
{"level":"info","message":"🚀 Server running on port 3020 in development mode","timestamp":"2026-03-30T09:27:37.788Z"}
{"level":"info","message":"🚀 Server running on port 3020 in development mode","timestamp":"2026-03-30T09:36:16.017Z"}
{"level":"info","message":"🚀 Server running on port 3020 in development mode","timestamp":"2026-03-30T09:43:27.552Z"}
{"level":"info","message":"🚀 Server running on port 3020 in development mode","timestamp":"2026-03-30T09:46:53.132Z"}
{"level":"info","message":"🚀 Server running on port 5000 in development mode","timestamp":"2026-03-30T09:49:02.378Z"}
{"level":"info","message":"🚀 Server running on port 5000 in development mode","timestamp":"2026-03-30T09:50:04.949Z"}
{"level":"info","message":"🚀 Server running on port 5000 in development mode","timestamp":"2026-03-30T09:50:55.282Z"}
{"level":"info","message":"🚀 Server running on port 5000 in development mode","timestamp":"2026-03-30T09:53:07.328Z"}
{"level":"info","message":"🚀 Server running on port 3000 in development mode","timestamp":"2026-03-30T09:54:47.328Z"}
{"level":"info","message":"🚀 Server running on port 3015 in development mode","timestamp":"2026-03-30T09:55:56.895Z"}
{"level":"info","message":"🚀 Server running on port 3000 in development mode","timestamp":"2026-03-30T09:56:25.276Z"}
{"level":"info","message":"🚀 Server running on port 3000 in development mode","timestamp":"2026-03-30T09:56:33.720Z"}
{"level":"info","message":"🚀 Server running on port 3000 in development mode","timestamp":"2026-03-30T10:02:32.082Z"}
{"level":"info","message":"🚀 Server running on port 3000 in development mode","timestamp":"2026-03-30T10:03:32.988Z"}
{"level":"info","message":"🚀 Server running on port 3000 in development mode","timestamp":"2026-03-30T10:04:08.640Z"}
{"level":"info","message":"🚀 Server running on port 3000 in development mode","timestamp":"2026-03-30T10:08:49.495Z"}
{"level":"info","message":"🚀 Server running on port 3000 in development mode","timestamp":"2026-03-30T10:09:07.151Z"}
{"level":"info","message":"🚀 Server running on port 3000 in development mode","timestamp":"2026-03-30T10:09:45.949Z"}
{"level":"info","message":"🚀 Server running on port 3000 in development mode","timestamp":"2026-03-30T10:10:13.758Z"}
{"level":"error","message":"TypeError: Cannot read properties of undefined (reading 'userId')","method":"GET","path":"/api/rentals","stack":"TypeError: Cannot read properties of undefined (reading 'userId')\n    at file:///C:/Users/Dell/Desktop/Bikerentaldeploy/backend/routes/rentals.js:14:45\n    at file:///C:/Users/Dell/Desktop/Bikerentaldeploy/backend/utils/catchAsync.js:8:5\n    at Layer.handle [as handle_request] (C:\\Users\\Dell\\Desktop\\Bikerentaldeploy\\backend\\node_modules\\express\\lib\\router\\layer.js:95:5)\n    at next (C:\\Users\\Dell\\Desktop\\Bikerentaldeploy\\backend\\node_modules\\express\\lib\\router\\route.js:149:13)\n    at Route.dispatch (C:\\Users\\Dell\\Desktop\\Bikerentaldeploy\\backend\\node_modules\\express\\lib\\router\\route.js:119:3)\n    at Layer.handle [as handle_request] (C:\\Users\\Dell\\Desktop\\Bikerentaldeploy\\backend\\node_modules\\express\\lib\\router\\layer.js:95:5)\n    at C:\\Users\\Dell\\Desktop\\Bikerentaldeploy\\backend\\node_modules\\express\\lib\\router\\index.js:284:15\n    at Function.process_params (C:\\Users\\Dell\\Desktop\\Bikerentaldeploy\\backend\\node_modules\\express\\lib\\router\\index.js:346:12)\n    at next (C:\\Users\\Dell\\Desktop\\Bikerentaldeploy\\backend\\node_modules\\express\\lib\\router\\index.js:280:10)\n    at Function.handle (C:\\Users\\Dell\\Desktop\\Bikerentaldeploy\\backend\\node_modules\\express\\lib\\router\\index.js:175:3)","timestamp":"2026-03-30T10:10:34.596Z"}
{"level":"info","message":"🚀 Server running on port 3000 in development mode","timestamp":"2026-03-30T10:11:35.900Z"}
{"level":"info","message":"🚀 Server running on port 3000 in development mode","timestamp":"2026-03-30T10:11:44.633Z"}
{"level":"info","message":"🚀 Server running on port 3000 in development mode","timestamp":"2026-03-30T10:12:55.057Z"}
{"level":"info","message":"🚀 Server running on port 3000 in development mode","timestamp":"2026-03-30T10:15:50.228Z"}
{"level":"info","message":"🚀 Server running on port 3000 in development mode","timestamp":"2026-03-30T10:22:36.093Z"}
{"level":"info","message":"🚀 Server running on port 3000 in development mode","timestamp":"2026-03-30T10:22:44.981Z"}
{"level":"info","message":"🚀 Server running on port 3000 in development mode","timestamp":"2026-03-30T10:23:12.888Z"}
{"level":"info","message":"🚀 Server running on port 3000 in development mode","timestamp":"2026-03-30T10:23:51.455Z"}
{"level":"info","message":"🚀 Server running on port 3000 in development mode","timestamp":"2026-03-30T10:33:26.480Z"}
{"level":"info","message":"🚀 Server running on port 3000 in development mode","timestamp":"2026-03-30T10:34:45.451Z"}
{"level":"info","message":"🚀 Server running on port 3000 in development mode","timestamp":"2026-03-30T10:34:47.589Z"}
{"level":"info","message":"🚀 Server running on port 5000 in development mode","timestamp":"2026-03-30T10:38:21.073Z"}
{"level":"info","message":"🚀 Server running on port 7000 in development mode","timestamp":"2026-03-30T10:40:32.475Z"}
{"level":"info","message":"🚀 Server running on port 7000 in development mode","timestamp":"2026-03-30T10:41:52.305Z"}
{"level":"info","message":"🚀 Server running on port 7000 in development mode","timestamp":"2026-03-31T05:13:27.813Z"}
{"level":"info","message":"🚀 Server running on port 7000 in production mode","timestamp":"2026-03-31T06:01:24.934Z"}
{"level":"info","message":"🚀 Server running on port 7000 in production mode","timestamp":"2026-03-31T10:25:27.172Z"}
{"level":"info","message":"🚀 Server running on port 7000 in production mode","timestamp":"2026-03-31T10:38:47.695Z"}
{"level":"info","message":"🚀 Server running on port 7000","timestamp":"2026-03-31T10:40:05.183Z"}
{"level":"info","message":"🚀 Server running on port 7000","timestamp":"2026-03-31T10:45:05.656Z"}
{"level":"info","message":"🚀 Server running on port 7000","timestamp":"2026-03-31T10:45:38.470Z"}
{"level":"info","message":"🚀 Server running on port 7000","timestamp":"2026-04-01T05:30:04.329Z"}
{"level":"info","message":"🚀 Server running on port 9000","timestamp":"2026-04-01T05:31:43.320Z"}
{"level":"info","message":"🚀 Server running on port 9000","timestamp":"2026-04-01T05:32:10.031Z"}
{"level":"info","message":"🚀 Server running on port 9000","timestamp":"2026-04-01T05:50:19.417Z"}
{"level":"info","message":"🚀 Server running on port 9000","timestamp":"2026-04-01T06:47:49.559Z"}
{"level":"info","message":"🚀 Server running on port 9000","timestamp":"2026-04-01T07:00:28.656Z"}
{"level":"error","message":"CastError: Cast to ObjectId failed for value \"null\" (type string) at path \"_id\" for model \"Bike\"","method":"GET","path":"/api/bikes/null?_t=1775027018429","stack":null,"timestamp":"2026-04-01T07:03:38.434Z"}
{"level":"error","message":"CastError: Cast to ObjectId failed for value \"null\" (type string) at path \"_id\" for model \"Bike\"","method":"GET","path":"/api/bikes/null?_t=1775027055276","stack":null,"timestamp":"2026-04-01T07:04:15.281Z"}
{"level":"error","message":"CastError: Cast to ObjectId failed for value \"null\" (type string) at path \"_id\" for model \"Bike\"","method":"GET","path":"/api/bikes/null?_t=1775027239812","stack":null,"timestamp":"2026-04-01T07:07:19.820Z"}
{"level":"info","message":"🚀 Server running on port 9000","timestamp":"2026-04-01T07:09:52.890Z"}
{"level":"info","message":"🚀 Server running on port 9000","timestamp":"2026-04-01T08:32:02.840Z"}
{"level":"error","message":"CastError: Cast to ObjectId failed for value \"null\" (type string) at path \"_id\" for model \"Bike\"","method":"GET","path":"/api/bikes/null?_t=1775032355306","stack":null,"timestamp":"2026-04-01T08:32:35.317Z"}
{"level":"error","message":"CastError: Cast to ObjectId failed for value \"null\" (type string) at path \"_id\" for model \"Bike\"","method":"GET","path":"/api/bikes/null?_t=1775032361007","stack":null,"timestamp":"2026-04-01T08:32:41.017Z"}
{"level":"info","message":"🚀 Server running on port 9000","timestamp":"2026-04-01T08:40:08.717Z"}
{"level":"info","message":"🚀 Server running on port 9000","timestamp":"2026-04-01T08:41:00.892Z"}
{"level":"error","message":"CastError: Cast to ObjectId failed for value \"null\" (type string) at path \"_id\" for model \"Bike\"","method":"GET","path":"/api/bikes/null?_t=1775033148929","stack":null,"timestamp":"2026-04-01T08:45:48.952Z"}
{"level":"info","message":"🚀 Server running on port 9000","timestamp":"2026-04-04T08:45:31.556Z"}
{"level":"info","message":"🚀 Server running on port 9000","timestamp":"2026-04-06T05:03:51.397Z"}
{"level":"info","message":"🚀 Server running on port 9000","timestamp":"2026-04-06T05:39:07.525Z"}
{"level":"info","message":"🚀 Server running on port 9000","timestamp":"2026-04-06T05:40:33.998Z"}
{"level":"info","message":"🚀 Server running on port 9000","timestamp":"2026-04-06T05:50:32.509Z"}
{"level":"info","message":"🚀 Server running on port 9000","timestamp":"2026-04-06T05:50:47.617Z"}
{"level":"info","message":"🚀 Server running on port 9000","timestamp":"2026-04-06T05:51:09.370Z"}
{"level":"info","message":"🚀 Server running on port 9000","timestamp":"2026-04-06T05:54:54.639Z"}
{"level":"info","message":"🚀 Server running on port 9000","timestamp":"2026-04-06T06:00:32.134Z"}
{"level":"info","message":"🚀 Server running on port 9000","timestamp":"2026-04-06T06:01:41.342Z"}
{"level":"info","message":"🚀 Server running on port 9000","timestamp":"2026-04-06T06:31:17.853Z"}
{"level":"info","message":"🚀 Server running on port 9000","timestamp":"2026-04-06T06:45:18.239Z"}
{"level":"error","message":"❌ Port 9000 is already in use","timestamp":"2026-04-06T06:45:18.847Z"}
{"level":"error","message":"❌ Port 9000 is already in use","timestamp":"2026-04-06T06:45:19.136Z"}
{"level":"info","message":"🚀 Server running on port 9000","timestamp":"2026-04-06T06:46:18.171Z"}
{"level":"error","message":"❌ Port 9000 is already in use","timestamp":"2026-04-06T06:54:06.863Z"}
{"level":"info","message":"🚀 Server running on port 9000","timestamp":"2026-04-06T06:54:40.196Z"}
{"level":"error","message":"❌ Port 9000 is already in use","timestamp":"2026-04-06T06:54:40.964Z"}
{"level":"error","message":"❌ Port 9000 is already in use","timestamp":"2026-04-06T06:54:41.351Z"}
{"level":"info","message":"🚀 Server running on port 9000","timestamp":"2026-04-06T06:54:49.701Z"}
{"level":"error","message":"❌ Port 9000 is already in use","timestamp":"2026-04-06T06:54:50.548Z"}
{"level":"error","message":"❌ Port 9000 is already in use","timestamp":"2026-04-06T06:54:50.829Z"}
{"level":"info","message":"🚀 Server running on port 9000","timestamp":"2026-04-06T06:55:09.569Z"}
{"level":"error","message":"❌ Port 9000 is already in use","timestamp":"2026-04-06T06:55:10.382Z"}
{"level":"error","message":"❌ Port 9000 is already in use","timestamp":"2026-04-06T06:55:10.469Z"}
{"level":"info","message":"🚀 Server running on port 9000","timestamp":"2026-04-06T06:55:36.692Z"}
{"level":"error","message":"❌ Port 9000 is already in use","timestamp":"2026-04-06T06:55:37.515Z"}
{"level":"error","message":"❌ Port 9000 is already in use","timestamp":"2026-04-06T06:55:37.653Z"}
{"level":"info","message":"🚀 Server running on port 9000","timestamp":"2026-04-06T06:55:49.323Z"}
{"level":"error","message":"❌ Port 9000 is already in use","timestamp":"2026-04-06T06:55:50.201Z"}
{"level":"error","message":"❌ Port 9000 is already in use","timestamp":"2026-04-06T06:55:50.498Z"}
{"level":"error","message":"❌ Port 9000 is already in use","timestamp":"2026-04-06T07:04:55.733Z"}
{"level":"error","message":"❌ Port 9000 is already in use","timestamp":"2026-04-06T07:12:37.289Z"}
{"level":"info","message":"🚀 Server running on port 9000","timestamp":"2026-04-06T07:14:09.148Z"}
{"level":"info","message":"🚀 Server running on port 9000","timestamp":"2026-04-06T07:15:38.109Z"}
{"level":"error","message":"❌ Port 9000 is already in use","timestamp":"2026-04-06T07:24:22.797Z"}
{"level":"info","message":"🚀 Server running on port 9000","timestamp":"2026-04-06T07:27:44.889Z"}
{"level":"info","message":"🚀 Server running on port 9000","timestamp":"2026-04-06T07:28:49.230Z"}
{"level":"error","message":"❌ Port 9000 is already in use","timestamp":"2026-04-06T09:37:14.310Z"}
{"level":"info","message":"🚀 Server running on port 9000","timestamp":"2026-04-06T09:39:38.417Z"}
{"level":"info","message":"🚀 Server running on port 9000","timestamp":"2026-04-06T09:45:26.809Z"}
{"level":"error","message":"❌ Port 9000 is already in use","timestamp":"2026-04-06T09:45:27.228Z"}
{"level":"error","message":"❌ Port 9000 is already in use","timestamp":"2026-04-06T09:45:27.284Z"}
{"level":"info","message":"🚀 Server running on port 9000","timestamp":"2026-04-06T09:59:04.331Z"}
{"level":"error","message":"❌ Port 9000 is already in use","timestamp":"2026-04-06T09:59:04.846Z"}
{"level":"error","message":"❌ Port 9000 is already in use","timestamp":"2026-04-06T09:59:04.885Z"}
{"level":"info","message":"🚀 Server running on port 9000","timestamp":"2026-04-06T09:59:36.394Z"}
{"level":"error","message":"❌ Port 9000 is already in use","timestamp":"2026-04-06T09:59:37.807Z"}
{"level":"error","message":"❌ Port 9000 is already in use","timestamp":"2026-04-06T09:59:37.855Z"}
{"level":"info","message":"🚀 Server running on port 9000","timestamp":"2026-04-06T10:04:15.426Z"}
{"level":"error","message":"❌ Port 9000 is already in use","timestamp":"2026-04-06T10:04:16.075Z"}
{"level":"error","message":"❌ Port 9000 is already in use","timestamp":"2026-04-06T10:04:16.106Z"}
{"level":"info","message":"🚀 Server running on port 9000","timestamp":"2026-04-06T10:08:17.830Z"}
{"level":"error","message":"❌ Port 9000 is already in use","timestamp":"2026-04-06T10:08:18.525Z"}
{"level":"error","message":"❌ Port 9000 is already in use","timestamp":"2026-04-06T10:08:18.581Z"}
{"level":"info","message":"🚀 Server running on port 9000","timestamp":"2026-04-06T10:08:53.228Z"}
{"level":"error","message":"❌ Port 9000 is already in use","timestamp":"2026-04-06T10:08:53.845Z"}
{"level":"error","message":"❌ Port 9000 is already in use","timestamp":"2026-04-06T10:08:54.135Z"}
{"level":"info","message":"🚀 Server running on port 9000","timestamp":"2026-04-06T10:09:01.333Z"}
{"level":"error","message":"❌ Port 9000 is already in use","timestamp":"2026-04-06T10:09:01.864Z"}
{"level":"error","message":"❌ Port 9000 is already in use","timestamp":"2026-04-06T10:09:02.275Z"}
{"level":"info","message":"🚀 Server running on port 9000","timestamp":"2026-04-06T10:24:48.648Z"}
{"level":"error","message":"❌ Port 9000 is already in use","timestamp":"2026-04-06T10:24:48.914Z"}
{"level":"error","message":"❌ Port 9000 is already in use","timestamp":"2026-04-06T10:24:49.015Z"}
{"level":"info","message":"🚀 Server running on port 9000","timestamp":"2026-04-06T10:25:28.079Z"}
{"level":"error","message":"❌ Port 9000 is already in use","timestamp":"2026-04-06T10:25:28.615Z"}
{"level":"error","message":"❌ Port 9000 is already in use","timestamp":"2026-04-06T10:25:28.807Z"}
{"level":"info","message":"🚀 Server running on port 9000","timestamp":"2026-04-06T10:33:55.985Z"}
{"level":"error","message":"❌ Port 9000 is already in use","timestamp":"2026-04-06T10:33:56.258Z"}
{"level":"error","message":"❌ Port 9000 is already in use","timestamp":"2026-04-06T10:33:56.380Z"}
{"level":"info","message":"🚀 Server running on port 9000","timestamp":"2026-04-06T10:38:11.658Z"}
{"level":"error","message":"❌ Port 9000 is already in use","timestamp":"2026-04-06T10:38:13.861Z"}
{"level":"info","message":"🚀 Server running on port 9000","timestamp":"2026-04-06T10:42:42.711Z"}
{"level":"error","message":"❌ Port 9000 is already in use","timestamp":"2026-04-06T10:42:42.976Z"}
{"level":"error","message":"❌ Port 9000 is already in use","timestamp":"2026-04-06T10:42:42.999Z"}
{"level":"error","message":"❌ Port 9000 is already in use","timestamp":"2026-04-06T11:02:46.044Z"}
{"level":"info","message":"🚀 Server running on port 9000","timestamp":"2026-04-06T11:13:52.234Z"}
{"level":"error","message":"❌ Port 9000 is already in use","timestamp":"2026-04-06T11:13:52.615Z"}
{"level":"error","message":"❌ Port 9000 is already in use","timestamp":"2026-04-06T11:13:52.945Z"}
{"level":"info","message":"🚀 Server running on port 9000","timestamp":"2026-04-06T11:13:59.850Z"}
{"level":"error","message":"❌ Port 9000 is already in use","timestamp":"2026-04-06T11:14:00.482Z"}
{"level":"error","message":"❌ Port 9000 is already in use","timestamp":"2026-04-06T11:14:00.822Z"}
{"level":"info","message":"🚀 Server running on port 9000","timestamp":"2026-04-06T11:15:09.297Z"}
{"level":"error","message":"❌ Port 9000 is already in use","timestamp":"2026-04-06T11:15:09.889Z"}
{"level":"error","message":"❌ Port 9000 is already in use","timestamp":"2026-04-06T11:15:10.160Z"}
{"level":"info","message":"🚀 Server running on port 9000","timestamp":"2026-04-06T11:15:16.236Z"}
{"level":"error","message":"❌ Port 9000 is already in use","timestamp":"2026-04-06T11:15:17.018Z"}
{"level":"error","message":"❌ Port 9000 is already in use","timestamp":"2026-04-06T11:15:17.033Z"}
{"level":"info","message":"🚀 Server running on port 9000","timestamp":"2026-04-06T11:16:18.616Z"}
{"level":"error","message":"❌ Port 9000 is already in use","timestamp":"2026-04-06T11:16:19.374Z"}
{"level":"error","message":"❌ Port 9000 is already in use","timestamp":"2026-04-06T11:16:19.405Z"}
{"level":"info","message":"🚀 Server running on port 9000","timestamp":"2026-04-06T11:33:15.021Z"}
{"level":"error","message":"❌ Port 9000 is already in use","timestamp":"2026-04-06T11:33:15.346Z"}
{"level":"error","message":"❌ Port 9000 is already in use","timestamp":"2026-04-06T11:33:15.453Z"}
{"level":"error","message":"❌ Port 9000 is already in use","timestamp":"2026-04-06T11:41:43.538Z"}
{"level":"info","message":"🚀 Server running on port 9000","timestamp":"2026-04-07T05:20:45.565Z"}
{"level":"info","message":"🚀 Server running on port 9000","timestamp":"2026-04-07T06:07:55.276Z"}
{"level":"info","message":"🚀 Server running on port 9000","timestamp":"2026-04-07T06:19:27.326Z"}
{"level":"info","message":"🚀 Server running on port 9000","timestamp":"2026-04-07T06:22:36.604Z"}
{"level":"info","message":"🚀 Server running on port 9000","timestamp":"2026-04-07T06:39:23.558Z"}
{"level":"info","message":"🚀 Server running on port 9000","timestamp":"2026-04-07T06:43:46.981Z"}
{"level":"info","message":"🚀 Server running on port 9000","timestamp":"2026-04-07T06:44:10.838Z"}
{"level":"info","message":"🚀 Server running on port 9000","timestamp":"2026-04-07T06:44:40.424Z"}
{"level":"info","message":"🚀 Server running on port 9000","timestamp":"2026-04-07T07:02:50.021Z"}
{"level":"info","message":"🚀 Server running on port 9000","timestamp":"2026-04-07T07:33:53.552Z"}
{"level":"info","message":"🚀 Server running on port 9000","timestamp":"2026-04-07T09:25:16.993Z"}
{"level":"info","message":"🚀 Server running on port 9000","timestamp":"2026-04-07T09:46:30.910Z"}
{"level":"info","message":"🚀 Server running on port 9000","timestamp":"2026-04-07T09:47:14.872Z"}
{"level":"info","message":"🚀 Server running on port 9000","timestamp":"2026-04-07T10:00:51.182Z"}
{"level":"info","message":"🚀 Server running on port 9000","timestamp":"2026-04-07T10:00:59.935Z"}
{"level":"info","message":"🚀 Server running on port 9000","timestamp":"2026-04-07T10:02:34.049Z"}
{"level":"info","message":"🚀 Server running on port 9000","timestamp":"2026-04-07T10:03:22.589Z"}
{"level":"info","message":"🚀 Server running on port 9000","timestamp":"2026-04-07T10:08:46.727Z"}
{"level":"info","message":"🚀 Server running on port 9000","timestamp":"2026-04-07T10:21:57.076Z"}
{"level":"info","message":"🚀 Server running on port 9000","timestamp":"2026-04-07T10:22:06.729Z"}
{"level":"info","message":"🚀 Server running on port 9000","timestamp":"2026-04-07T10:47:44.616Z"}
{"level":"info","message":"🚀 Server running on port 9000","timestamp":"2026-04-07T11:53:16.937Z"}
{"level":"info","message":"🚀 Server running on port 9000","timestamp":"2026-04-07T12:15:37.937Z"}
{"level":"info","message":"🚀 Server running on port 9000","timestamp":"2026-04-07T12:24:43.238Z"}
{"level":"info","message":"🚀 Server running on port 9000","timestamp":"2026-04-07T12:24:52.988Z"}
{"level":"info","message":"🚀 Server running on port 9000","timestamp":"2026-04-07T14:32:26.146Z"}
{"level":"info","message":"🚀 Server running on port 9000","timestamp":"2026-04-07T16:40:59.838Z"}
{"level":"info","message":"🚀 Server running on port 9000","timestamp":"2026-04-07T16:50:54.700Z"}
{"level":"info","message":"🚀 Server running on port 9000","timestamp":"2026-04-07T16:51:05.973Z"}
{"level":"info","message":"🚀 Server running on port 9000","timestamp":"2026-04-07T17:21:32.056Z"}
{"level":"info","message":"🚀 Server running on port 9000","timestamp":"2026-04-07T17:21:37.076Z"}
{"level":"info","message":"🚀 Server running on port 9000","timestamp":"2026-04-07T17:21:44.185Z"}
{"level":"info","message":"🚀 Server running on port 9000","timestamp":"2026-04-08T06:31:00.802Z"}
{"level":"info","message":"🚀 Server running on port 9000","timestamp":"2026-04-08T08:13:01.494Z"}
{"level":"info","message":"🚀 Server running on port 9000","timestamp":"2026-04-08T08:31:57.512Z"}
{"level":"info","message":"🚀 Server running on port 9000","timestamp":"2026-04-08T08:32:02.130Z"}
{"level":"info","message":"🚀 Server running on port 9000","timestamp":"2026-04-08T08:34:41.426Z"}
{"level":"info","message":"🚀 Server running on port 9000","timestamp":"2026-04-08T08:36:18.179Z"}
{"level":"info","message":"🚀 Server running on port 9000","timestamp":"2026-04-08T08:36:32.327Z"}
{"level":"info","message":"🚀 Server running on port 9000","timestamp":"2026-04-08T08:41:28.381Z"}
{"level":"info","message":"🚀 Server running on port 9000","timestamp":"2026-04-08T09:43:09.795Z"}
{"level":"info","message":"🚀 Server running on port 9000","timestamp":"2026-04-08T09:58:48.324Z"}
{"level":"info","message":"🚀 Server running on port 9000","timestamp":"2026-04-08T11:11:27.980Z"}
{"level":"info","message":"🚀 Server running on port 9000","timestamp":"2026-04-08T11:12:15.357Z"}
{"level":"info","message":"🚀 Server running on port 9000","timestamp":"2026-04-08T11:12:27.156Z"}
{"level":"info","message":"🚀 Server running on port 9000","timestamp":"2026-04-08T11:12:40.269Z"}
{"level":"info","message":"🚀 Server running on port 9000","timestamp":"2026-04-08T11:13:55.929Z"}
{"level":"info","message":"🚀 Server running on port 9000","timestamp":"2026-04-08T11:16:37.068Z"}
{"level":"info","message":"🚀 Server running on port 9000","timestamp":"2026-04-08T11:22:05.301Z"}
{"level":"info","message":"🚀 Server running on port 9000","timestamp":"2026-04-08T11:22:45.568Z"}
{"level":"info","message":"🚀 Server running on port 9000","timestamp":"2026-04-08T11:29:21.526Z"}
{"level":"info","message":"🚀 Server running on port 9000","timestamp":"2026-04-08T11:29:28.942Z"}
{"level":"info","message":"🚀 Server running on port 9000","timestamp":"2026-04-08T11:29:37.649Z"}
{"level":"info","message":"🚀 Server running on port 9000","timestamp":"2026-04-08T16:36:48.878Z"}
{"level":"info","message":"🚀 Server running on port 9000","timestamp":"2026-04-08T16:53:49.165Z"}
{"level":"info","message":"🚀 Server running on port 9000","timestamp":"2026-04-08T16:53:56.207Z"}
{"level":"info","message":"🚀 Server running on port 9000","timestamp":"2026-04-08T16:54:29.246Z"}
{"level":"info","message":"🚀 Server running on port 9000","timestamp":"2026-04-08T16:54:52.211Z"}
{"level":"info","message":"🚀 Server running on port 9000","timestamp":"2026-04-08T17:04:41.630Z"}
{"level":"info","message":"🚀 Server running on port 9000","timestamp":"2026-04-08T17:09:02.915Z"}
{"level":"info","message":"🚀 Server running on port 9000","timestamp":"2026-04-08T17:39:07.638Z"}
{"level":"info","message":"🚀 Server running on port 9000","timestamp":"2026-04-08T18:00:49.953Z"}
{"level":"info","message":"🚀 Server running on port 9000","timestamp":"2026-04-08T18:17:48.737Z"}
{"level":"info","message":"🚀 Server running on port 9000","timestamp":"2026-04-08T18:28:12.145Z"}
{"level":"info","message":"🚀 Server running on port 9000","timestamp":"2026-04-09T04:29:18.484Z"}
{"level":"info","message":"🚀 Server running on port 9000","timestamp":"2026-04-09T04:50:05.948Z"}
{"level":"info","message":"🚀 Server running on port 9000","timestamp":"2026-04-09T09:18:37.313Z"}
{"level":"info","message":"🚀 Server running on port 9000","timestamp":"2026-04-09T09:28:33.857Z"}
{"level":"info","message":"🚀 Server running on port 9000","timestamp":"2026-04-09T09:28:45.919Z"}
{"level":"info","message":"🚀 Server running on port 9000","timestamp":"2026-04-09T10:31:59.596Z"}
{"level":"info","message":"🚀 Server running on port 9000","timestamp":"2026-04-09T10:32:14.675Z"}
{"level":"info","message":"🚀 Server running on port 9000","timestamp":"2026-04-09T10:32:30.750Z"}
{"level":"info","message":"🚀 Server running on port 9000","timestamp":"2026-04-09T10:32:53.415Z"}
{"level":"error","message":"❌ Port 9000 is already in use","timestamp":"2026-04-09T10:33:12.818Z"}
{"level":"info","message":"🚀 Server running on port 9000","timestamp":"2026-04-09T10:37:56.923Z"}
{"level":"info","message":"🚀 Server running on port 9000","timestamp":"2026-04-09T11:19:01.463Z"}
{"level":"info","message":"🚀 Server running on port 9000","timestamp":"2026-04-09T11:22:43.563Z"}
{"level":"info","message":"🚀 Server running on port 9000","timestamp":"2026-04-09T11:23:19.929Z"}
{"level":"info","message":"🚀 Server running on port 9000","timestamp":"2026-04-09T13:59:57.243Z"}
{"level":"info","message":"🚀 Server running on port 9000","timestamp":"2026-04-09T15:03:30.297Z"}
{"level":"info","message":"🚀 Server running on port 9000","timestamp":"2026-04-09T15:18:18.452Z"}
{"level":"info","message":"🚀 Server running on port 9000","timestamp":"2026-04-10T05:02:22.582Z"}
{"level":"info","message":"🚀 Server running on port 9000","timestamp":"2026-04-10T05:30:43.988Z"}
{"level":"info","message":"🚀 Server running on port 9000","timestamp":"2026-04-10T05:36:31.303Z"}
{"level":"info","message":"🚀 Server running on port 9000","timestamp":"2026-04-10T06:11:04.170Z"}
{"level":"info","message":"🚀 Server running on port 9000","timestamp":"2026-04-10T06:11:59.611Z"}
{"level":"info","message":"🚀 Server running on port 9000","timestamp":"2026-04-10T06:12:05.199Z"}
{"level":"info","message":"🚀 Server running on port 9000","timestamp":"2026-04-10T06:12:36.901Z"}
{"level":"info","message":"🚀 Server running on port 9000","timestamp":"2026-04-10T06:14:51.195Z"}
{"level":"info","message":"🚀 Server running on port 9000","timestamp":"2026-04-10T06:22:56.287Z"}
{"level":"info","message":"🚀 Server running on port 9000","timestamp":"2026-04-10T06:25:16.846Z"}
{"level":"info","message":"🚀 Server running on port 9000","timestamp":"2026-04-10T06:50:24.652Z"}
{"level":"info","message":"🚀 Server running on port 9000","timestamp":"2026-04-10T06:53:49.366Z"}
{"level":"info","message":"🚀 Server running on port 9000","timestamp":"2026-04-10T06:59:59.268Z"}
{"level":"info","message":"🚀 Server running on port 9000","timestamp":"2026-04-10T10:24:55.252Z"}
{"level":"info","message":"🚀 Server running on port 9000","timestamp":"2026-04-10T11:12:28.065Z"}
{"level":"info","message":"🚀 Server running on port 9000","timestamp":"2026-04-10T11:12:37.046Z"}
{"level":"info","message":"🚀 Server running on port 9000","timestamp":"2026-04-10T12:38:16.913Z"}
{"level":"info","message":"🚀 Server running on port 9000","timestamp":"2026-04-10T12:46:05.541Z"}
{"level":"info","message":"🚀 Server running on port 9000","timestamp":"2026-04-10T12:46:15.425Z"}
{"level":"info","message":"🚀 Server running on port 9000","timestamp":"2026-04-10T12:46:28.060Z"}
{"level":"info","message":"🚀 Server running on port 9000","timestamp":"2026-04-10T12:46:38.162Z"}
{"level":"info","message":"🚀 Server running on port 9000","timestamp":"2026-04-10T12:47:21.245Z"}
{"level":"info","message":"🚀 Server running on port 9000","timestamp":"2026-04-10T13:14:20.695Z"}
{"level":"info","message":"🚀 Server running on port 9000","timestamp":"2026-04-10T13:17:57.376Z"}
{"level":"info","message":"🚀 Server running on port 9000","timestamp":"2026-04-10T13:33:36.087Z"}
{"level":"info","message":"🚀 Server running on port 9000","timestamp":"2026-04-10T13:33:40.219Z"}
{"level":"info","message":"🚀 Server running on port 9000","timestamp":"2026-04-10T13:34:20.961Z"}
{"level":"info","message":"🚀 Server running on port 9000","timestamp":"2026-04-10T13:35:55.034Z"}
{"level":"info","message":"🚀 Server running on port 9000","timestamp":"2026-04-10T14:22:47.305Z"}
{"level":"info","message":"🚀 Server running on port 9000","timestamp":"2026-04-10T17:13:35.399Z"}
{"level":"info","message":"🚀 Server running on port 9000","timestamp":"2026-04-10T17:32:01.111Z"}
{"level":"info","message":"🚀 Server running on port 9000","timestamp":"2026-04-10T17:32:28.597Z"}
{"level":"info","message":"🚀 Server running on port 9000","timestamp":"2026-04-10T17:44:53.540Z"}
{"level":"info","message":"🚀 Server running on port 9000","timestamp":"2026-04-10T17:45:09.752Z"}
{"level":"info","message":"🚀 Server running on port 9000","timestamp":"2026-04-13T08:53:10.024Z"}
{"level":"info","message":"🚀 Server running on port 9000","timestamp":"2026-04-13T10:35:34.438Z"}
{"level":"info","message":"🚀 Server running on port 9000","timestamp":"2026-04-13T11:48:20.984Z"}
{"level":"info","message":"🚀 Server running on port 9000","timestamp":"2026-04-13T12:11:19.868Z"}
{"level":"info","message":"🚀 Server running on port 9000","timestamp":"2026-04-13T15:55:53.009Z"}
{"level":"info","message":"🚀 Server running on port 9000","timestamp":"2026-04-14T05:30:46.661Z"}
{"level":"info","message":"🚀 Server running on port 9000","timestamp":"2026-04-14T07:01:33.482Z"}
{"level":"info","message":"🚀 Server running on port 9000","timestamp":"2026-04-14T07:21:56.041Z"}
{"level":"info","message":"🚀 Server running on port 9000","timestamp":"2026-04-14T09:11:32.605Z"}
{"level":"info","message":"🚀 Server running on port 9000","timestamp":"2026-04-16T14:03:02.051Z"}
{"level":"info","message":"🚀 Server running on port 9000","timestamp":"2026-04-16T14:22:44.532Z"}
{"level":"info","message":"🚀 Server running on port 9000","timestamp":"2026-04-17T05:50:10.823Z"}
{"level":"info","message":"🚀 Server running on port 9000","timestamp":"2026-04-17T09:11:00.636Z"}
{"level":"info","message":"🚀 Server running on port 9000","timestamp":"2026-04-20T04:54:06.084Z"}
{"level":"info","message":"🚀 Server running on port 9000","timestamp":"2026-04-24T08:20:21.381Z"}
{"level":"info","message":"🚀 Server running on port 9000","timestamp":"2026-04-27T05:13:47.639Z"}
{"level":"error","message":"Error: Not allowed by CORS","method":"GET","path":"/@vite/client","stack":null,"timestamp":"2026-04-27T05:13:52.450Z"}
{"level":"info","message":"🚀 Server running on port 9000","timestamp":"2026-04-27T05:15:05.645Z"}
{"level":"info","message":"🚀 Server running on port 9000","timestamp":"2026-04-27T10:19:53.193Z"}
{"level":"info","message":"🚀 Server running on port 9000","timestamp":"2026-04-28T09:06:05.847Z"}
{"level":"info","message":"🚀 Server running on port 9000","timestamp":"2026-04-28T10:43:04.494Z"}
{"level":"error","message":"❌ Port 9000 is already in use","timestamp":"2026-04-28T12:30:35.287Z"}
{"level":"info","message":"🚀 Server running on port 9000","timestamp":"2026-04-28T12:48:50.015Z"}
{"level":"info","message":"🚀 Server running on port 9000","timestamp":"2026-04-28T13:43:56.623Z"}
{"level":"info","message":"🚀 Server running on port 9000","timestamp":"2026-04-28T13:58:34.386Z"}
{"level":"info","message":"🚀 Server running on port 9000","timestamp":"2026-04-29T05:58:47.184Z"}
{"level":"info","message":"🚀 Server running on port 9000","timestamp":"2026-04-29T06:07:40.250Z"}
{"level":"info","message":"🚀 Server running on port 9000","timestamp":"2026-04-29T07:11:24.487Z"}
{"level":"info","message":"🚀 Server running on port 9000","timestamp":"2026-04-29T07:20:53.114Z"}
{"level":"info","message":"🚀 Server running on port 9000","timestamp":"2026-04-29T07:26:13.637Z"}
{"level":"info","message":"🚀 Server running on port 9000","timestamp":"2026-04-29T07:31:32.577Z"}
{"level":"info","message":"🚀 Server running on port 9000","timestamp":"2026-04-29T07:35:32.162Z"}
{"level":"info","message":"🚀 Server running on port 9000","timestamp":"2026-04-29T07:40:22.010Z"}
{"level":"info","message":"🚀 Server running on port 9000","timestamp":"2026-05-05T07:48:49.312Z"}
